Initializing document watcher...
php-for-beginners/index.php: {}
php-for-beginners/index.php: {}
php-for-beginners/index.php: Using EditorConfig core...
php-for-beginners/index.php: {}
php-for-beginners/index.php: Using EditorConfig core...
php-for-beginners/index.php: Using EditorConfig core...
php-for-beginners/index.php: {}
php-for-beginners/index.php: Using EditorConfig core...
php-for-beginners/index.php: {}
php-for-beginners/index.php: Using EditorConfig core...
php-for-beginners/index.php: {}
php-for-beginners/index.php: Using EditorConfig core...
php-for-beginners/index.php: {}
php-for-beginners/index.php: Using EditorConfig core...
php-for-beginners/index.php: {}
php-for-beginners/index.php: {}
php-for-beginners/index.php: Using EditorConfig core...
php-for-beginners/index.php: Using EditorConfig core...
php-for-beginners/index.php: {}
php-for-beginners/index.php: {}
php-for-beginners/index.php: Using EditorConfig core...
php-for-beginners/index.php: Using EditorConfig core...
php-for-beginners/index.php: {}
php-for-beginners/index.php: {}
php-for-beginners/index.php: Using EditorConfig core...
php-for-beginners/index.php: {}
php-for-beginners/index.php: Using EditorConfig core...
php-for-beginners/index.php: Using EditorConfig core...
php-for-beginners/index.php: {}
php-for-beginners/index.php: {}
php-for-beginners/index.php: Using EditorConfig core...
php-for-beginners/index.php: Using EditorConfig core...
php-for-beginners/index.php: Using EditorConfig core...
php-for-beginners/index.php: {}
php-for-beginners/index.php: Using EditorConfig core...
php-for-beginners/index.php: {}
php-for-beginners/functions.php: {}
php-for-beginners/functions.php: Using EditorConfig core...
php-for-beginners/functions.php: Using EditorConfig core...
php-for-beginners/functions.php: Using EditorConfig core...
php-for-beginners/index.php: {}
php-for-beginners/index.view.php: {}
php-for-beginners/index.view.php: {}
php-for-beginners/functions.php: {}
php-for-beginners/index.php: {}
/home/sandino/.code-profiles/codephp/data/User/settings.json: {}
/home/sandino/.code-profiles/codephp/data/User/settings.json: Using EditorConfig core...
/home/sandino/.code-profiles/codephp/data/User/settings.json: Using EditorConfig core...
/home/sandino/.code-profiles/codephp/data/User/settings.json: Using EditorConfig core...
php-for-beginners/index.php: {}
php-for-beginners/index.php: Using EditorConfig core...
php-for-beginners/index.php: Using EditorConfig core...
/home/sandino/.code-profiles/codephp/data/User/settings.json: {}
/home/sandino/.code-profiles/codephp/data/User/settings.json: Using EditorConfig core...
php-for-beginners/index.php: {}
php-for-beginners/index.php: Using EditorConfig core...
php-for-beginners/index.php: Using EditorConfig core...
php-for-beginners/functions.php: {}
php-for-beginners/functions.php: Using EditorConfig core...
php-for-beginners/index.view.php: {}
php-for-beginners/index.view.php: Using EditorConfig core...
php-for-beginners/index.php: {}
php-for-beginners/index.php: {}
php-for-beginners/index.php: {}
php-for-beginners/index.php: Using EditorConfig core...
php-for-beginners/index.php: {}
php-for-beginners/index.php: Using EditorConfig core...
php-for-beginners/index.php: {}
php-for-beginners/functions.php: {}
php-for-beginners/index.php: {}
php-for-beginners/index.view.php: {}
php-for-beginners/index.view.php: {}
php-for-beginners/index.view.php: Using EditorConfig core...
php-for-beginners/index.view.php: Using EditorConfig core...
php-for-beginners/index.view.php: Using EditorConfig core...
php-for-beginners/index.view.php: Using EditorConfig core...
php-for-beginners/index.view.php: Using EditorConfig core...
php-for-beginners/index.view.php: Using EditorConfig core...
php-for-beginners/index.view.php: Using EditorConfig core...
php-for-beginners/index.view.php: {}
php-for-beginners/index.php: {}
php-for-beginners/index.php: Using EditorConfig core...
php-for-beginners/index.php: {}
php-for-beginners/index.php: Using EditorConfig core...
php-for-beginners/index.php: {}
php-for-beginners/index.php: {}
php-for-beginners/Task.php: {}
php-for-beginners/Task.php: Using EditorConfig core...
php-for-beginners/index.php: {}
php-for-beginners/index.php: Using EditorConfig core...
php-for-beginners/index.php: {}
php-for-beginners/functions.php: {}
php-for-beginners/functions.php: Using EditorConfig core...
php-for-beginners/functions.php: {}
php-for-beginners/index.php: {}
php-for-beginners/functions.php: {}
php-for-beginners/index.php: {}
php-for-beginners/index.php: Using EditorConfig core...
php-for-beginners/index.php: {}
php-for-beginners/database/Connection.php: {}
php-for-beginners/index.php: {}
php-for-beginners/functions.php: {}
php-for-beginners/database/Connection.php: {}
php-for-beginners/database/Connection.php: Using EditorConfig core...
php-for-beginners/database/Connection.php: {}
php-for-beginners/database/Connection.php: Using EditorConfig core...
php-for-beginners/database/Connection.php: {}
php-for-beginners/database/Connection.php: Using EditorConfig core...
php-for-beginners/database/Connection.php: Using EditorConfig core...
php-for-beginners/database/Connection.php: Using EditorConfig core...
php-for-beginners/database/Connection.php: Using EditorConfig core...
php-for-beginners/database/Connection.php: Using EditorConfig core...
php-for-beginners/database/Connection.php: {}
php-for-beginners/index.php: {}
php-for-beginners/index.php: Using EditorConfig core...
php-for-beginners/index.php: {}
php-for-beginners/index.php: Using EditorConfig core...
php-for-beginners/index.php: {}
php-for-beginners/database/QueryBuilder.php: {}
php-for-beginners/index.php: {}
php-for-beginners/functions.php: {}
php-for-beginners/Task.php: {}
php-for-beginners/index.view.php: {}
php-for-beginners/functions.php: {}
php-for-beginners/database/QueryBuilder.php: {}
php-for-beginners/index.php: {}
php-for-beginners/database/QueryBuilder.php: {}
php-for-beginners/index.php: {}
php-for-beginners/database/QueryBuilder.php: {}
php-for-beginners/database/QueryBuilder.php: Using EditorConfig core...
php-for-beginners/database/QueryBuilder.php: {}
php-for-beginners/database/QueryBuilder.php: Using EditorConfig core...
php-for-beginners/database/QueryBuilder.php: Using EditorConfig core...
php-for-beginners/database/QueryBuilder.php: Using EditorConfig core...
php-for-beginners/database/QueryBuilder.php: Using EditorConfig core...
php-for-beginners/database/QueryBuilder.php: Using EditorConfig core...
php-for-beginners/database/QueryBuilder.php: Using EditorConfig core...
php-for-beginners/database/QueryBuilder.php: Using EditorConfig core...
php-for-beginners/database/QueryBuilder.php: Using EditorConfig core...
php-for-beginners/database/QueryBuilder.php: {}
php-for-beginners/database/QueryBuilder.php: Using EditorConfig core...
php-for-beginners/database/QueryBuilder.php: Using EditorConfig core...
php-for-beginners/database/QueryBuilder.php: {}
php-for-beginners/index.php: {}
php-for-beginners/index.php: Using EditorConfig core...
php-for-beginners/index.php: {}
php-for-beginners/functions.php: {}
php-for-beginners/functions.php: {}
php-for-beginners/index.php: {}
php-for-beginners/index.php: {}
php-for-beginners/index.php: Using EditorConfig core...
php-for-beginners/index.php: {}
php-for-beginners/bootstrap.php: {}
php-for-beginners/index.php: {}
php-for-beginners/bootstrap.php: {}
php-for-beginners/bootstrap.php: Using EditorConfig core...
php-for-beginners/index.php: {}
php-for-beginners/bootstrap.php: {}
php-for-beginners/index.php: {}
php-for-beginners/index.php: Using EditorConfig core...
php-for-beginners/index.php: {}
php-for-beginners/bootstrap.php: {}
php-for-beginners/bootstrap.php: Using EditorConfig core...
php-for-beginners/index.php: {}
php-for-beginners/index.php: Using EditorConfig core...
php-for-beginners/index.php: Using EditorConfig core...
php-for-beginners/bootstrap.php: {}
php-for-beginners/bootstrap.php: Using EditorConfig core...
php-for-beginners/index.php: {}
php-for-beginners/index.php: Using EditorConfig core...
php-for-beginners/index.php: {}
php-for-beginners/bootstrap.php: {}
php-for-beginners/bootstrap.php: Using EditorConfig core...
php-for-beginners/bootstrap.php: {}
php-for-beginners/index.php: {}
php-for-beginners/index.php: Using EditorConfig core...
php-for-beginners/index.php: {}
php-for-beginners/index.php: {}
php-for-beginners/bootstrap.php: {}
php-for-beginners/bootstrap.php: Using EditorConfig core...
php-for-beginners/index.php: {}
php-for-beginners/index.php: {}
php-for-beginners/index.php: Using EditorConfig core...
php-for-beginners/index.php: {}
php-for-beginners/database/QueryBuilder.php: {}
php-for-beginners/index.view.php: {}
php-for-beginners/index.php: {}
php-for-beginners/index.php: Using EditorConfig core...
php-for-beginners/index.php: Using EditorConfig core...
php-for-beginners/index.php: Using EditorConfig core...
php-for-beginners/index.php: {}
php-for-beginners/bootstrap.php: {}
php-for-beginners/database/QueryBuilder.php: {}
php-for-beginners/database/QueryBuilder.php: {}
php-for-beginners/database/QueryBuilder.php: Using EditorConfig core...
php-for-beginners/database/QueryBuilder.php: Using EditorConfig core...
php-for-beginners/database/QueryBuilder.php: {}
php-for-beginners/database/QueryBuilder.php: Using EditorConfig core...
php-for-beginners/index.php: {}
php-for-beginners/index.php: {}
php-for-beginners/index.php: Using EditorConfig core...
php-for-beginners/index.php: {}
php-for-beginners/bootstrap.php: {}
php-for-beginners/database/QueryBuilder.php: {}
php-for-beginners/database/QueryBuilder.php: Using EditorConfig core...
php-for-beginners/database/QueryBuilder.php: {}
php-for-beginners/index.php: {}
php-for-beginners/bootstrap.php: {}
php-for-beginners/index.php: {}
php-for-beginners/index.php: {}
php-for-beginners/bootstrap.php: {}
php-for-beginners/database/QueryBuilder.php: {}
php-for-beginners/database/QueryBuilder.php: Using EditorConfig core...
php-for-beginners/database/QueryBuilder.php: Using EditorConfig core...
php-for-beginners/database/QueryBuilder.php: {}
php-for-beginners/database/QueryBuilder.php: Using EditorConfig core...
php-for-beginners/database/QueryBuilder.php: {}
php-for-beginners/database/Connection.php: {}
php-for-beginners/database/Connection.php: Using EditorConfig core...
php-for-beginners/database/Connection.php: {}
php-for-beginners/config.php: {}
php-for-beginners/config.php: {}
php-for-beginners/config.php: Using EditorConfig core...
php-for-beginners/config.php: Using EditorConfig core...
php-for-beginners/config.php: Using EditorConfig core...
php-for-beginners/config.php: Using EditorConfig core...
php-for-beginners/config.php: Using EditorConfig core...
php-for-beginners/database/Connection.php: {}
php-for-beginners/database/Connection.php: {}
php-for-beginners/index.view.php: {}
php-for-beginners/bootstrap.php: {}
php-for-beginners/bootstrap.php: Using EditorConfig core...
php-for-beginners/bootstrap.php: {}
php-for-beginners/database/QueryBuilder.php: {}
php-for-beginners/index.view.php: {}
php-for-beginners/bootstrap.php: {}
php-for-beginners/bootstrap.php: {}
php-for-beginners/database/QueryBuilder.php: {}
php-for-beginners/index.view.php: {}
php-for-beginners/database/Connection.php: {}
php-for-beginners/bootstrap.php: {}
php-for-beginners/database/Connection.php: {}
php-for-beginners/database/Connection.php: {}
php-for-beginners/config.php: {}
php-for-beginners/config.php: Using EditorConfig core...
php-for-beginners/bootstrap.php: {}
php-for-beginners/database/QueryBuilder.php: {}
php-for-beginners/index.php: {}
php-for-beginners/index.php: Using EditorConfig core...
php-for-beginners/index.php: {}
php-for-beginners/bootstrap.php: {}
php-for-beginners/database/QueryBuilder.php: {}
php-for-beginners/database/Connection.php: {}
php-for-beginners/config.php: {}
php-for-beginners/config.php: {}
php-for-beginners/database/QueryBuilder.php: {}
php-for-beginners/index.view.php: {}
php-for-beginners/bootstrap.php: {}
php-for-beginners/index.php: {}
php-for-beginners/database/Connection.php: {}
php-for-beginners/database/Connection.php: {}
php-for-beginners/config.php: {}
php-for-beginners/config.php: {}
php-for-beginners/bootstrap.php: {}
php-for-beginners/index.php: {}
php-for-beginners/bootstrap.php: {}
php-for-beginners/database/QueryBuilder.php: {}
php-for-beginners/index.view.php: {}
php-for-beginners/database/QueryBuilder.php: {}
php-for-beginners/database/Connection.php: {}
php-for-beginners/database/Connection.php: Using EditorConfig core...
php-for-beginners/database/Connection.php: {}
php-for-beginners/bootstrap.php: {}
php-for-beginners/index.php: {}
php-for-beginners/index.php: Using EditorConfig core...
php-for-beginners/index.php: {}
php-for-beginners/bootstrap.php: {}
php-for-beginners/database/QueryBuilder.php: {}
php-for-beginners/index.view.php: {}
php-for-beginners/database/Connection.php: {}
php-for-beginners/config.php: {}
php-for-beginners/database/QueryBuilder.php: {}
php-for-beginners/config.php: {}
php-for-beginners/config.php: Using EditorConfig core...
php-for-beginners/config.php: {}
php-for-beginners/index.php: {}
php-for-beginners/index.php: Using EditorConfig core...
php-for-beginners/index.php: {}
php-for-beginners/config.php: {}
php-for-beginners/config.php: {}
php-for-beginners/bootstrap.php: {}
php-for-beginners/index.php: {}
php-for-beginners/database/QueryBuilder.php: {}
php-for-beginners/database/QueryBuilder.php: {}
php-for-beginners/bootstrap.php: {}
php-for-beginners/index.php: {}
php-for-beginners/bootstrap.php: {}
php-for-beginners/database/QueryBuilder.php: {}
php-for-beginners/index.view.php: {}
php-for-beginners/database/Connection.php: {}
php-for-beginners/database/Connection.php: {}
php-for-beginners/config.php: {}
php-for-beginners/config.php: Using EditorConfig core...
php-for-beginners/config.php: {}
php-for-beginners/bootstrap.php: {}
php-for-beginners/database/QueryBuilder.php: {}
php-for-beginners/index.php: {}
php-for-beginners/index.view.php: {}
php-for-beginners/database/Connection.php: {}
php-for-beginners/database/Connection.php: Using EditorConfig core...
php-for-beginners/database/Connection.php: {}
php-for-beginners/database/Connection.php: Using EditorConfig core...
php-for-beginners/database/Connection.php: {}
