[Info  - 8:40:07 PM] Initialising intelephense 1.5.3
[Info  - 8:40:07 PM] Reading state from /home/sandino/.code-profiles/codephp/data/User/workspaceStorage/6b15583c635c37b8b7c6beecc785e6b1/bmewburn.vscode-intelephense-client/1c21599f.
[Info  - 8:40:07 PM] Initialised in 51 ms
[Info  - 8:40:07 PM] Indexing started.
[Info  - 8:40:08 PM] Indexing ended. 98 files indexed in 1s.
[Info  - 8:40:08 PM] Writing state to /home/sandino/.code-profiles/codephp/data/User/workspaceStorage/6b15583c635c37b8b7c6beecc785e6b1/bmewburn.vscode-intelephense-client/1c21599f.
[Info  - 8:40:09 PM] Wrote state in 0.2s.
[Info  - 8:58:33 PM] Indexing started.
[Info  - 8:58:33 PM] Indexing ended. 1 files indexed in 0s.
[Info  - 9:00:38 PM] Indexing started.
[Info  - 9:00:38 PM] Indexing ended. 1 files indexed in 0s.
[Info  - 9:00:44 PM] Indexing started.
[Info  - 9:00:44 PM] Indexing ended. 1 files indexed in 0s.
[Info  - 9:02:48 PM] Indexing started.
[Info  - 9:02:49 PM] Indexing ended. 1 files indexed in 0s.
[Info  - 9:02:55 PM] Indexing started.
[Info  - 9:02:55 PM] Indexing ended. 1 files indexed in 0s.
[Info  - 9:03:06 PM] Indexing started.
[Info  - 9:03:07 PM] Indexing ended. 1 files indexed in 0s.
[Info  - 9:04:51 PM] Indexing started.
[Info  - 9:04:51 PM] Indexing ended. 1 files indexed in 0s.
[Info  - 9:06:30 PM] Indexing started.
[Info  - 9:06:30 PM] Indexing ended. 1 files indexed in 0s.
[Info  - 9:06:33 PM] Indexing started.
[Info  - 9:06:33 PM] Indexing ended. 1 files indexed in 0s.
[Info  - 9:07:03 PM] Indexing started.
[Info  - 9:07:03 PM] Indexing ended. 1 files indexed in 0s.
[Info  - 9:07:05 PM] Indexing started.
[Info  - 9:07:05 PM] Indexing ended. 1 files indexed in 0s.
[Info  - 9:15:23 PM] Indexing started.
[Info  - 9:15:23 PM] Indexing ended. 1 files indexed in 0s.
[Info  - 9:15:43 PM] Indexing started.
[Info  - 9:15:44 PM] Indexing ended. 1 files indexed in 0s.
[Info  - 9:15:48 PM] Indexing started.
[Info  - 9:15:48 PM] Indexing ended. 1 files indexed in 0s.
[Info  - 9:17:52 PM] Indexing started.
[Info  - 9:17:52 PM] Indexing ended. 1 files indexed in 0s.
[Info  - 9:18:02 PM] Indexing started.
[Info  - 9:18:03 PM] Indexing ended. 1 files indexed in 0s.
[Info  - 9:18:25 PM] Indexing started.
[Info  - 9:18:25 PM] Indexing ended. 1 files indexed in 0s.
[Info  - 9:18:38 PM] Indexing started.
[Info  - 9:18:38 PM] Indexing ended. 1 files indexed in 0s.
[Info  - 9:18:50 PM] Indexing started.
[Info  - 9:18:50 PM] Indexing ended. 1 files indexed in 0s.
[Info  - 9:19:31 PM] Indexing started.
[Info  - 9:19:31 PM] Indexing ended. 1 files indexed in 0s.
[Info  - 9:19:38 PM] Indexing started.
[Info  - 9:19:38 PM] Indexing ended. 1 files indexed in 0s.
[Info  - 9:19:40 PM] Indexing started.
[Info  - 9:19:40 PM] Indexing ended. 1 files indexed in 0s.
[Info  - 9:20:55 PM] Indexing started.
[Info  - 9:20:55 PM] Indexing ended. 1 files indexed in 0s.
[Info  - 9:20:56 PM] Indexing started.
[Info  - 9:20:56 PM] Indexing ended. 1 files indexed in 0s.
[Info  - 9:21:17 PM] Indexing started.
[Info  - 9:21:17 PM] Indexing ended. 1 files indexed in 0s.
[Info  - 9:21:22 PM] Indexing started.
[Info  - 9:21:22 PM] Indexing ended. 1 files indexed in 0s.
[Info  - 9:21:30 PM] Indexing started.
[Info  - 9:21:30 PM] Indexing ended. 1 files indexed in 0s.
[Info  - 9:21:36 PM] Indexing started.
[Info  - 9:21:36 PM] Indexing ended. 1 files indexed in 0s.
[Info  - 9:22:08 PM] Indexing started.
[Info  - 9:22:09 PM] Indexing ended. 1 files indexed in 0s.
[Info  - 9:23:09 PM] Indexing started.
[Info  - 9:23:09 PM] Indexing ended. 1 files indexed in 0s.
[Warn  - 9:26:47 PM] Format aborted. Parse error found.
[Info  - 9:26:47 PM] Indexing started.
[Info  - 9:26:47 PM] Indexing ended. 1 files indexed in 0s.
[Info  - 9:26:58 PM] Indexing started.
[Info  - 9:26:58 PM] Indexing ended. 1 files indexed in 0s.
[Warn  - 9:28:13 PM] Format aborted. Parse error found.
[Info  - 9:28:13 PM] Indexing started.
[Info  - 9:28:13 PM] Indexing ended. 1 files indexed in 0s.
[Warn  - 9:28:47 PM] Format aborted. Parse error found.
[Info  - 9:28:48 PM] Indexing started.
[Info  - 9:28:48 PM] Indexing ended. 1 files indexed in 0s.
[Warn  - 9:29:06 PM] Format aborted. Parse error found.
[Info  - 9:29:07 PM] Indexing started.
[Info  - 9:29:07 PM] Indexing ended. 1 files indexed in 0s.
[Info  - 9:29:29 PM] Indexing started.
[Info  - 9:29:29 PM] Indexing ended. 1 files indexed in 0s.
[Info  - 9:30:07 PM] Indexing started.
[Info  - 9:30:07 PM] Indexing ended. 1 files indexed in 0s.
[Info  - 9:30:15 PM] Indexing started.
[Info  - 9:30:15 PM] Indexing ended. 1 files indexed in 0s.
[Info  - 9:30:39 PM] Indexing started.
[Info  - 9:30:39 PM] Indexing ended. 1 files indexed in 0s.
[Info  - 9:31:22 PM] Indexing started.
[Info  - 9:31:23 PM] Indexing ended. 1 files indexed in 0s.
[Info  - 9:32:03 PM] Indexing started.
[Info  - 9:32:03 PM] Indexing ended. 1 files indexed in 0s.
[Info  - 9:32:27 PM] Indexing started.
[Info  - 9:32:28 PM] Indexing ended. 1 files indexed in 0s.
[Info  - 9:34:08 PM] Indexing started.
[Info  - 9:34:09 PM] Indexing ended. 1 files indexed in 0s.
[Info  - 9:34:47 PM] Indexing started.
[Info  - 9:34:47 PM] Indexing ended. 1 files indexed in 0s.
[Info  - 9:38:52 PM] Indexing started.
[Info  - 9:38:52 PM] Indexing ended. 1 files indexed in 0s.
[Info  - 9:39:20 PM] Indexing started.
[Info  - 9:39:20 PM] Indexing ended. 1 files indexed in 0s.
[Info  - 9:39:39 PM] Indexing started.
[Info  - 9:39:39 PM] Indexing ended. 1 files indexed in 0s.
[Info  - 9:40:28 PM] Indexing started.
[Info  - 9:40:28 PM] Indexing ended. 1 files indexed in 0s.
[Info  - 9:40:43 PM] Indexing started.
[Info  - 9:40:44 PM] Indexing ended. 1 files indexed in 0s.
[Info  - 9:41:03 PM] Indexing started.
[Info  - 9:41:03 PM] Indexing ended. 1 files indexed in 0s.
[Info  - 9:41:06 PM] Indexing started.
[Info  - 9:41:06 PM] Indexing ended. 1 files indexed in 0s.
[Info  - 9:41:26 PM] Indexing started.
[Info  - 9:41:26 PM] Indexing ended. 1 files indexed in 0s.
[Info  - 9:42:04 PM] Indexing started.
[Info  - 9:42:04 PM] Indexing ended. 1 files indexed in 0s.
[Info  - 9:42:17 PM] Indexing started.
[Info  - 9:42:18 PM] Indexing ended. 1 files indexed in 0s.
[Info  - 9:45:46 PM] Indexing started.
[Info  - 9:45:46 PM] Indexing ended. 1 files indexed in 0s.
[Info  - 9:47:26 PM] Indexing started.
[Info  - 9:47:27 PM] Indexing ended. 1 files indexed in 0s.
[Info  - 9:48:38 PM] Indexing started.
[Info  - 9:48:38 PM] Indexing ended. 1 files indexed in 0s.
[Info  - 9:48:43 PM] Indexing started.
[Info  - 9:48:43 PM] Indexing ended. 1 files indexed in 0s.
[Info  - 9:49:12 PM] Indexing started.
[Info  - 9:49:13 PM] Indexing ended. 1 files indexed in 0s.
[Info  - 9:49:31 PM] Indexing started.
[Info  - 9:49:32 PM] Indexing ended. 1 files indexed in 0s.
[Info  - 9:49:52 PM] Indexing started.
[Info  - 9:49:52 PM] Indexing ended. 1 files indexed in 0s.
[Info  - 9:50:06 PM] Indexing started.
[Info  - 9:50:06 PM] Indexing ended. 1 files indexed in 0s.
[Info  - 9:50:32 PM] Indexing started.
[Info  - 9:50:32 PM] Indexing ended. 1 files indexed in 0s.
[Info  - 9:51:25 PM] Indexing started.
[Info  - 9:51:25 PM] Indexing ended. 1 files indexed in 0s.
[Info  - 9:56:55 PM] Indexing started.
[Info  - 9:56:55 PM] Indexing ended. 1 files indexed in 0s.
[Info  - 9:57:02 PM] Indexing started.
[Info  - 9:57:02 PM] Indexing ended. 1 files indexed in 0s.
[Info  - 9:57:34 PM] Indexing started.
[Info  - 9:57:34 PM] Indexing ended. 1 files indexed in 0s.
[Info  - 9:57:47 PM] Indexing started.
[Info  - 9:57:48 PM] Indexing ended. 1 files indexed in 0s.
[Info  - 9:59:15 PM] Indexing started.
[Info  - 9:59:15 PM] Indexing ended. 1 files indexed in 0s.
[Info  - 10:02:53 PM] Indexing started.
[Info  - 10:02:53 PM] Indexing ended. 1 files indexed in 0s.
[Info  - 10:03:10 PM] Indexing started.
[Info  - 10:03:10 PM] Indexing ended. 1 files indexed in 0s.
[Info  - 10:03:36 PM] Indexing started.
[Info  - 10:03:37 PM] Indexing ended. 1 files indexed in 0s.
[Info  - 10:04:39 PM] Indexing started.
[Info  - 10:04:39 PM] Indexing ended. 1 files indexed in 0s.
[Info  - 10:04:55 PM] Indexing started.
[Info  - 10:04:55 PM] Indexing ended. 1 files indexed in 0s.
[Info  - 10:05:00 PM] Indexing started.
[Info  - 10:05:00 PM] Indexing ended. 1 files indexed in 0s.
[Info  - 10:05:13 PM] Indexing started.
[Info  - 10:05:13 PM] Indexing ended. 1 files indexed in 0s.
[Info  - 10:05:24 PM] Indexing started.
[Info  - 10:05:24 PM] Indexing ended. 1 files indexed in 0s.
[Info  - 10:05:45 PM] Indexing started.
[Info  - 10:05:45 PM] Indexing ended. 1 files indexed in 0s.
[Info  - 10:06:00 PM] Indexing started.
[Info  - 10:06:01 PM] Indexing ended. 1 files indexed in 0s.
[Info  - 10:06:27 PM] Indexing started.
[Info  - 10:06:27 PM] Indexing ended. 1 files indexed in 0s.
[Info  - 10:06:41 PM] Indexing started.
[Info  - 10:06:41 PM] Indexing ended. 1 files indexed in 0s.
[Info  - 10:07:41 PM] Indexing started.
[Info  - 10:07:41 PM] Indexing ended. 1 files indexed in 0s.
[Info  - 10:07:48 PM] Indexing started.
[Info  - 10:07:48 PM] Indexing ended. 1 files indexed in 0s.
[Info  - 10:07:50 PM] Indexing started.
[Info  - 10:07:50 PM] Indexing ended. 1 files indexed in 0s.
[Info  - 10:08:35 PM] Indexing started.
[Info  - 10:08:35 PM] Indexing ended. 1 files indexed in 0s.
[Info  - 10:08:41 PM] Indexing started.
[Info  - 10:08:41 PM] Indexing ended. 1 files indexed in 0s.
[Info  - 10:09:03 PM] Indexing started.
[Info  - 10:09:03 PM] Indexing ended. 1 files indexed in 0s.
[Info  - 10:09:11 PM] Indexing started.
[Info  - 10:09:11 PM] Indexing ended. 1 files indexed in 0s.
[Info  - 10:10:01 PM] Indexing started.
[Info  - 10:10:01 PM] Indexing ended. 1 files indexed in 0s.
[Info  - 10:12:19 PM] Indexing started.
[Info  - 10:12:19 PM] Indexing ended. 1 files indexed in 0s.
[Info  - 10:12:21 PM] Indexing started.
[Info  - 10:12:21 PM] Indexing ended. 1 files indexed in 0s.
[Info  - 10:12:30 PM] Indexing started.
[Info  - 10:12:30 PM] Indexing ended. 1 files indexed in 0s.
[Info  - 10:18:05 PM] Indexing started.
[Info  - 10:18:05 PM] Indexing ended. 1 files indexed in 0s.
[Info  - 10:18:11 PM] Indexing started.
[Info  - 10:18:12 PM] Indexing ended. 1 files indexed in 0s.
[Info  - 10:19:40 PM] Indexing started.
[Info  - 10:19:41 PM] Indexing ended. 1 files indexed in 0s.
[Info  - 10:19:43 PM] Indexing started.
[Info  - 10:19:43 PM] Indexing ended. 1 files indexed in 0s.
[Info  - 10:19:44 PM] Indexing started.
[Info  - 10:19:44 PM] Indexing ended. 1 files indexed in 0s.
[Info  - 10:19:47 PM] Indexing started.
[Info  - 10:19:48 PM] Indexing ended. 1 files indexed in 0s.
[Info  - 10:19:49 PM] Indexing started.
[Info  - 10:19:49 PM] Indexing ended. 1 files indexed in 0s.
[Info  - 10:20:27 PM] Indexing started.
[Info  - 10:20:27 PM] Indexing ended. 1 files indexed in 0s.
[Info  - 10:24:02 PM] Indexing started.
[Info  - 10:24:03 PM] Indexing ended. 1 files indexed in 0s.
[Info  - 10:24:12 PM] Indexing started.
[Info  - 10:24:12 PM] Indexing ended. 1 files indexed in 0s.
[Info  - 10:25:40 PM] Indexing started.
[Info  - 10:25:40 PM] Indexing ended. 1 files indexed in 0s.
[Info  - 10:26:04 PM] Indexing started.
[Info  - 10:26:04 PM] Indexing ended. 1 files indexed in 0s.
[Info  - 10:26:38 PM] Indexing started.
[Info  - 10:26:38 PM] Indexing ended. 1 files indexed in 0s.
[Info  - 10:26:43 PM] Indexing started.
[Info  - 10:26:43 PM] Indexing ended. 1 files indexed in 0s.
[Info  - 10:33:41 PM] Indexing started.
[Info  - 10:33:41 PM] Indexing ended. 1 files indexed in 0s.
[Info  - 10:34:03 PM] Indexing started.
[Info  - 10:34:03 PM] Indexing ended. 1 files indexed in 0s.
[Info  - 10:34:21 PM] Indexing started.
[Info  - 10:34:21 PM] Indexing ended. 1 files indexed in 0s.
