Initializing document watcher...
php-for-beginners/controllers/index.php: {}
php-for-beginners/core/database/QueryBuilder.php: {}
php-for-beginners/core/database/QueryBuilder.php: {}
php-for-beginners/core/database/QueryBuilder.php: {}
php-for-beginners/core/database/QueryBuilder.php: Using EditorConfig core...
php-for-beginners/core/database/QueryBuilder.php: {}
php-for-beginners/core/database/QueryBuilder.php: Using EditorConfig core...
php-for-beginners/core/database/QueryBuilder.php: {}
php-for-beginners/core/database/QueryBuilder.php: Using EditorConfig core...
php-for-beginners/core/database/QueryBuilder.php: {}
php-for-beginners/core/database/QueryBuilder.php: Using EditorConfig core...
php-for-beginners/controllers/add-name.php: {}
php-for-beginners/controllers/add-name.php: Using EditorConfig core...
php-for-beginners/controllers/add-name.php: {}
php-for-beginners/controllers/add-name.php: Using EditorConfig core...
php-for-beginners/controllers/add-name.php: {}
php-for-beginners/controllers/add-name.php: {}
php-for-beginners/controllers/add-name.php: {}
php-for-beginners/controllers/add-name.php: Using EditorConfig core...
php-for-beginners/controllers/add-name.php: {}
php-for-beginners/controllers/add-name.php: {}
php-for-beginners/controllers/add-name.php: {}
php-for-beginners/controllers/add-name.php: {}
php-for-beginners/controllers/add-name.php: {}
php-for-beginners/controllers/add-name.php: {}
php-for-beginners/controllers/add-name.php: {}
php-for-beginners/controllers/add-name.php: {}
php-for-beginners/controllers/add-name.php: {}
php-for-beginners/controllers/add-name.php: {}
php-for-beginners/controllers/add-name.php: {}
php-for-beginners/controllers/add-name.php: {}
php-for-beginners/config.php: {}
php-for-beginners/config.php: Using EditorConfig core...
php-for-beginners/config.php: {}
php-for-beginners/controllers/add-name.php: {}
php-for-beginners/core/Router.php: {}
php-for-beginners/core/database/QueryBuilder.php: {}
php-for-beginners/core/database/QueryBuilder.php: Using EditorConfig core...
php-for-beginners/core/database/QueryBuilder.php: Using EditorConfig core...
php-for-beginners/core/database/QueryBuilder.php: {}
php-for-beginners/core/database/QueryBuilder.php: Using EditorConfig core...
php-for-beginners/core/database/QueryBuilder.php: {}
php-for-beginners/controllers/add-name.php: {}
php-for-beginners/controllers/add-name.php: Using EditorConfig core...
php-for-beginners/controllers/add-name.php: {}
php-for-beginners/controllers/add-name.php: Using EditorConfig core...
php-for-beginners/controllers/add-name.php: {}
php-for-beginners/core/Router.php: {}
php-for-beginners/controllers/add-name.php: {}
php-for-beginners/core/database/QueryBuilder.php: {}
php-for-beginners/controllers/index.php: {}
php-for-beginners/controllers/index.php: Using EditorConfig core...
php-for-beginners/controllers/index.php: {}
php-for-beginners/controllers/index.php: Using EditorConfig core...
php-for-beginners/controllers/index.php: {}
php-for-beginners/views/index.view.php: {}
php-for-beginners/views/index.view.php: Using EditorConfig core...
php-for-beginners/views/index.view.php: {}
php-for-beginners/views/index.view.php: {}
