[Info  - 10:49:10 PM] Initialising intelephense 1.5.4
[Info  - 10:49:10 PM] Initialised in 6 ms
[Info  - 10:49:10 PM] Indexing started.
[Info  - 10:49:12 PM] Indexing ended. 116 files indexed in 1s.
[Info  - 10:49:12 PM] Writing state to /home/sandino/.code-profiles/codephp/data/User/workspaceStorage/6b15583c635c37b8b7c6beecc785e6b1/bmewburn.vscode-intelephense-client/2bde04c0.
[Info  - 10:49:12 PM] Wrote state in 0.2s.
[Info  - 11:25:39 PM] Indexing started.
[Info  - 11:25:39 PM] Indexing ended. 1 files indexed in 0s.
[Info  - 11:26:06 PM] Indexing started.
[Info  - 11:26:06 PM] Indexing ended. 1 files indexed in 0s.
[Info  - 11:26:15 PM] Indexing started.
[Info  - 11:26:15 PM] Indexing ended. 1 files indexed in 0s.
[Info  - 11:33:08 PM] Indexing started.
[Info  - 11:33:08 PM] Indexing ended. 1 files indexed in 0s.
[Info  - 11:33:24 PM] Indexing started.
[Info  - 11:33:24 PM] Indexing ended. 1 files indexed in 0s.
[Info  - 11:37:52 PM] Indexing started.
[Info  - 11:37:52 PM] Indexing ended. 1 files indexed in 0s.
[Info  - 11:40:31 PM] Indexing started.
[Info  - 11:40:32 PM] Indexing ended. 1 files indexed in 0s.
[Info  - 11:54:28 PM] Indexing started.
[Info  - 11:54:29 PM] Indexing ended. 1 files indexed in 0s.
[Info  - 11:56:06 PM] Indexing started.
[Info  - 11:56:07 PM] Indexing ended. 1 files indexed in 0s.
[Info  - 11:56:14 PM] Indexing started.
[Info  - 11:56:14 PM] Indexing ended. 1 files indexed in 0s.
[Info  - 11:56:34 PM] Indexing started.
[Info  - 11:56:34 PM] Indexing ended. 1 files indexed in 0s.
[Info  - 11:56:51 PM] Indexing started.
[Info  - 11:56:51 PM] Indexing ended. 1 files indexed in 0s.
[Info  - 11:58:02 PM] Indexing started.
[Info  - 11:58:02 PM] Indexing ended. 1 files indexed in 0s.
[Info  - 11:58:52 PM] Indexing started.
[Info  - 11:58:52 PM] Indexing ended. 1 files indexed in 0s.
[Info  - 11:59:01 PM] Indexing started.
[Info  - 11:59:01 PM] Indexing ended. 1 files indexed in 0s.
[Info  - 12:00:11 AM] Indexing started.
[Info  - 12:00:11 AM] Indexing ended. 1 files indexed in 0s.
