[Info  - 8:44:03 PM] Initialising intelephense 1.5.3
[Info  - 8:44:03 PM] Reading state from /home/sandino/.code-profiles/code-php/data/User/workspaceStorage/6b15583c635c37b8b7c6beecc785e6b1/bmewburn.vscode-intelephense-client/4cee1bfc.
[Info  - 8:44:03 PM] Initialised in 186 ms
[Info  - 8:44:03 PM] Indexing started.
[Info  - 8:44:03 PM] Indexing ended. 1 files indexed in 0s.
[Info  - 8:44:03 PM] Writing state to /home/sandino/.code-profiles/code-php/data/User/workspaceStorage/6b15583c635c37b8b7c6beecc785e6b1/bmewburn.vscode-intelephense-client/4cee1bfc.
[Info  - 8:44:03 PM] Wrote state in 0.2s.
[Info  - 8:44:04 PM] Indexing started.
[Info  - 8:44:05 PM] Indexing ended. 1 files indexed in 0s.
[Info  - 8:44:06 PM] Indexing started.
[Info  - 8:44:06 PM] Indexing ended. 1 files indexed in 0s.
[Info  - 8:44:07 PM] Indexing started.
[Info  - 8:44:07 PM] Indexing ended. 1 files indexed in 0s.
[Info  - 8:44:15 PM] Indexing started.
[Info  - 8:44:15 PM] Indexing ended. 1 files indexed in 0s.
[Info  - 8:44:16 PM] Indexing started.
[Info  - 8:44:16 PM] Indexing ended. 1 files indexed in 0s.
[Info  - 8:44:46 PM] Indexing started.
[Info  - 8:44:46 PM] Indexing ended. 1 files indexed in 0s.
[Info  - 8:44:47 PM] Indexing started.
[Info  - 8:44:47 PM] Indexing ended. 1 files indexed in 0s.
[Info  - 8:44:48 PM] Indexing started.
[Info  - 8:44:48 PM] Indexing ended. 1 files indexed in 0s.
