[Info  - 8:45:02 PM] Initialising intelephense 1.5.3
[Info  - 8:45:02 PM] Reading state from /home/sandino/.code-profiles/code-php/data/User/workspaceStorage/6b15583c635c37b8b7c6beecc785e6b1/bmewburn.vscode-intelephense-client/4cee1bfc.
[Info  - 8:45:02 PM] Initialised in 176 ms
[Info  - 8:45:02 PM] Indexing started.
[Info  - 8:45:02 PM] Indexing ended. 1 files indexed in 0s.
[Info  - 8:45:02 PM] Writing state to /home/sandino/.code-profiles/code-php/data/User/workspaceStorage/6b15583c635c37b8b7c6beecc785e6b1/bmewburn.vscode-intelephense-client/4cee1bfc.
[Info  - 8:45:02 PM] Wrote state in 0.2s.
[Info  - 8:46:31 PM] Indexing started.
[Info  - 8:46:31 PM] Indexing ended. 1 files indexed in 0s.
[Info  - 8:46:33 PM] Indexing started.
[Info  - 8:46:33 PM] Indexing ended. 1 files indexed in 0s.
[Info  - 8:46:34 PM] Indexing started.
[Info  - 8:46:34 PM] Indexing ended. 1 files indexed in 0s.
[Info  - 8:46:46 PM] Indexing started.
[Info  - 8:46:46 PM] Indexing ended. 1 files indexed in 0s.
[Info  - 8:49:02 PM] Indexing started.
[Info  - 8:49:03 PM] Indexing ended. 1 files indexed in 0s.
[Info  - 8:49:22 PM] Indexing started.
[Info  - 8:49:23 PM] Indexing ended. 1 files indexed in 0s.
[Info  - 8:49:55 PM] Indexing started.
[Info  - 8:49:55 PM] Indexing ended. 1 files indexed in 0s.
[Info  - 8:50:54 PM] Indexing started.
[Info  - 8:50:55 PM] Indexing ended. 1 files indexed in 0s.
[Info  - 8:51:13 PM] Indexing started.
[Info  - 8:51:13 PM] Indexing ended. 1 files indexed in 0s.
[Info  - 8:52:06 PM] Indexing started.
[Info  - 8:52:06 PM] Indexing ended. 1 files indexed in 0s.
[Info  - 8:52:47 PM] Indexing started.
[Info  - 8:52:47 PM] Indexing ended. 1 files indexed in 0s.
[Info  - 8:55:28 PM] Indexing started.
[Info  - 8:55:28 PM] Indexing ended. 1 files indexed in 0s.
[Info  - 8:55:52 PM] Indexing started.
[Info  - 8:55:52 PM] Indexing ended. 1 files indexed in 0s.
[Info  - 8:57:29 PM] Indexing started.
[Info  - 8:57:29 PM] Indexing ended. 1 files indexed in 0s.
[Info  - 8:57:44 PM] Indexing started.
[Info  - 8:57:44 PM] Indexing ended. 1 files indexed in 0s.
[Info  - 8:57:54 PM] Indexing started.
[Info  - 8:57:54 PM] Indexing ended. 1 files indexed in 0s.
[Info  - 8:59:51 PM] Indexing started.
[Info  - 8:59:51 PM] Indexing ended. 1 files indexed in 0s.
[Warn  - 8:59:54 PM] Format aborted. Parse error found.
[Info  - 8:59:54 PM] Indexing started.
[Info  - 8:59:55 PM] Indexing ended. 1 files indexed in 0s.
[Info  - 9:00:35 PM] Indexing started.
[Info  - 9:00:35 PM] Indexing ended. 1 files indexed in 0s.
[Info  - 10:34:48 PM] Indexing started.
[Info  - 10:34:49 PM] Indexing ended. 1 files indexed in 0s.
