Initializing document watcher...
php-for-beginners/database/QueryBuilder.php: {}
php-for-beginners/database/QueryBuilder.php: {}
php-for-beginners/index.php: {}
php-for-beginners/index.php: {}
php-for-beginners/bootstrap.php: {}
php-for-beginners/bootstrap.php: Using EditorConfig core...
php-for-beginners/bootstrap.php: {}
php-for-beginners/bootstrap.php: {}
php-for-beginners/bootstrap.php: {}
php-for-beginners/index.php: {}
php-for-beginners/bootstrap.php: {}
php-for-beginners/database/QueryBuilder.php: {}
php-for-beginners/index.php: {}
php-for-beginners/index.php: Using EditorConfig core...
php-for-beginners/index.php: {}
php-for-beginners/config.php: {}
php-for-beginners/config.php: Using EditorConfig core...
php-for-beginners/config.php: {}
php-for-beginners/bootstrap.php: {}
php-for-beginners/database/QueryBuilder.php: {}
php-for-beginners/database/QueryBuilder.php: Using EditorConfig core...
php-for-beginners/database/QueryBuilder.php: {}
php-for-beginners/index.php: {}
php-for-beginners/index.php: {}
php-for-beginners/index.php: Using EditorConfig core...
php-for-beginners/index.php: {}
php-for-beginners/index.php: {}
php-for-beginners/index.php: Using EditorConfig core...
php-for-beginners/database/QueryBuilder.php: {}
php-for-beginners/config.php: {}
No more open editors.
php-for-beginners/index.view.php: {}
php-for-beginners/index.view.php: {}
No more open editors.
No more open editors.
No more open editors.
No more open editors.
No more open editors.
No more open editors.
php-for-beginners/controllers/index.php: {}
php-for-beginners/controllers/index.php: {}
php-for-beginners/controllers/index.php: {}
php-for-beginners/index.php: {}
php-for-beginners/index.php: {}
php-for-beginners/index.php: {}
php-for-beginners/index.php: Using EditorConfig core...
php-for-beginners/index.php: {}
php-for-beginners/controllers/about.php: {}
php-for-beginners/controllers/about.php: {}
php-for-beginners/controllers/about.php: Using EditorConfig core...
php-for-beginners/controllers/about-culture.php: {}
php-for-beginners/controllers/about-culture.php: Using EditorConfig core...
php-for-beginners/controllers/contact.php: {}
php-for-beginners/controllers/contact.php: Using EditorConfig core...
php-for-beginners/controllers/contact.php: {}
php-for-beginners/views/about-culture.view.php: {}
php-for-beginners/views/contact;view.php: {}
php-for-beginners/views/contact.view.php: {}
php-for-beginners/views/about.view.php: {}
php-for-beginners/views/about.view.php: {}
php-for-beginners/controllers/index.php: {}
php-for-beginners/views/about.view.php: {}
No more open editors.
php-for-beginners/routes.php: {}
php-for-beginners/index.php: {}
php-for-beginners/routes.php: {}
php-for-beginners/routes.php: Using EditorConfig core...
php-for-beginners/index.php: {}
php-for-beginners/index.php: Using EditorConfig core...
php-for-beginners/index.php: {}
php-for-beginners/index.php: {}
php-for-beginners/core/Router.php: {}
php-for-beginners/core/Router.php: {}
php-for-beginners/core/bootstrap.php: {}
php-for-beginners/core/bootstrap.php: Using EditorConfig core...
php-for-beginners/core/bootstrap.php: {}
php-for-beginners/core/bootstrap.php: Using EditorConfig core...
php-for-beginners/core/bootstrap.php: {}
php-for-beginners/core/Router.php: {}
php-for-beginners/core/Router.php: Using EditorConfig core...
php-for-beginners/core/Router.php: {}
php-for-beginners/core/bootstrap.php: {}
php-for-beginners/index.php: {}
php-for-beginners/routes.php: {}
php-for-beginners/routes.php: {}
php-for-beginners/index.php: {}
php-for-beginners/core/Router.php: {}
php-for-beginners/core/Router.php: Using EditorConfig core...
php-for-beginners/core/Router.php: {}
php-for-beginners/index.php: {}
php-for-beginners/index.php: {}
php-for-beginners/index.php: {}
php-for-beginners/index.php: {}
php-for-beginners/index.php: Using EditorConfig core...
php-for-beginners/index.php: {}
php-for-beginners/routes.php: {}
php-for-beginners/config.php: {}
php-for-beginners/routes.php: {}
php-for-beginners/index.php: {}
php-for-beginners/core/Router.php: {}
php-for-beginners/core/bootstrap.php: {}
php-for-beginners/controllers/index.php: {}
php-for-beginners/controllers/contact.php: {}
php-for-beginners/controllers/about-culture.php: {}
php-for-beginners/controllers/about.php: {}
php-for-beginners/controllers/index.php: {}
php-for-beginners/controllers/contact.php: {}
php-for-beginners/controllers/index.php: {}
php-for-beginners/controllers/index.php: Using EditorConfig core...
php-for-beginners/controllers/index.php: {}
php-for-beginners/core/bootstrap.php: {}
php-for-beginners/core/database/QueryBuilder.php: {}
php-for-beginners/core/database/Connection.php: {}
php-for-beginners/views/index.view.php: {}
php-for-beginners/views/contact.view.php: {}
php-for-beginners/views/about.view.php: {}
php-for-beginners/views/contact.view.php: {}
php-for-beginners/views/contact.view.php: Using EditorConfig core...
php-for-beginners/controllers/index.php: {}
php-for-beginners/views/about.view.php: {}
php-for-beginners/views/about.view.php: Using EditorConfig core...
php-for-beginners/views/about-culture.view.php: {}
php-for-beginners/views/about-culture.view.php: Using EditorConfig core...
php-for-beginners/views/about-culture.view.php: {}
php-for-beginners/index.php: {}
php-for-beginners/core/bootstrap.php: {}
php-for-beginners/core/Router.php: {}
No more open editors.
php-for-beginners/views/index.view.php: {}
php-for-beginners/views/contact.view.php: {}
php-for-beginners/views/about.view.php: {}
php-for-beginners/index.php: {}
php-for-beginners/routes.php: {}
php-for-beginners/index.php: {}
php-for-beginners/index.php: {}
php-for-beginners/core/Router.php: {}
php-for-beginners/index.php: {}
php-for-beginners/routes.php: {}
php-for-beginners/index.php: {}
php-for-beginners/index.php: {}
php-for-beginners/routes.php: {}
php-for-beginners/routes.php: Using EditorConfig core...
php-for-beginners/routes.php: {}
php-for-beginners/controllers/about.php: {}
php-for-beginners/controllers/about-culture.php: {}
php-for-beginners/controllers/about.php: {}
php-for-beginners/controllers/about.php: Using EditorConfig core...
php-for-beginners/controllers/about-culture.php: {}
php-for-beginners/controllers/about-culture.php: Using EditorConfig core...
php-for-beginners/controllers/contact.php: {}
php-for-beginners/controllers/contact.php: Using EditorConfig core...
No more open editors.
php-for-beginners/routes.php: {}
php-for-beginners/index.php: {}
php-for-beginners/index.php: Using EditorConfig core...
php-for-beginners/index.php: {}
php-for-beginners/controllers/index.php: {}
php-for-beginners/controllers/index.php: Using EditorConfig core...
php-for-beginners/index.php: {}
php-for-beginners/index.php: {}
php-for-beginners/controllers/index.php: {}
php-for-beginners/index.php: {}
No more open editors.
php-for-beginners/index.php: {}
php-for-beginners/index.php: Using EditorConfig core...
php-for-beginners/index.php: {}
php-for-beginners/index.php: Using EditorConfig core...
php-for-beginners/index.php: {}
php-for-beginners/index.php: Using EditorConfig core...
php-for-beginners/index.php: {}
php-for-beginners/index.php: Using EditorConfig core...
php-for-beginners/index.php: {}
php-for-beginners/index.php: Using EditorConfig core...
php-for-beginners/index.php: {}
php-for-beginners/index.php: {}
php-for-beginners/index.php: Using EditorConfig core...
php-for-beginners/core/Router.php: {}
php-for-beginners/core/Router.php: Using EditorConfig core...
php-for-beginners/core/Router.php: {}
php-for-beginners/routes.php: {}
php-for-beginners/core/Router.php: {}
php-for-beginners/routes.php: {}
php-for-beginners/core/Router.php: {}
php-for-beginners/index.php: {}
php-for-beginners/index.php: {}
php-for-beginners/index.php: Using EditorConfig core...
php-for-beginners/index.php: {}
php-for-beginners/core/bootstrap.php: {}
php-for-beginners/views/index.view.php: {}
php-for-beginners/index.php: {}
php-for-beginners/index.php: {}
php-for-beginners/core/Router.php: {}
php-for-beginners/index.php: {}
No more open editors.
php-for-beginners/core/Request.php: {}
php-for-beginners/index.php: {}
php-for-beginners/core/Request.php: {}
php-for-beginners/core/Request.php: Using EditorConfig core...
php-for-beginners/core/Request.php: {}
php-for-beginners/core/bootstrap.php: {}
php-for-beginners/core/bootstrap.php: Using EditorConfig core...
php-for-beginners/index.php: {}
php-for-beginners/index.php: {}
php-for-beginners/controllers/about.php: {}
php-for-beginners/controllers/about-culture.php: {}
php-for-beginners/controllers/contact.php: {}
php-for-beginners/controllers/index.php: {}
php-for-beginners/controllers/index.php: {}
php-for-beginners/core/bootstrap.php: {}
php-for-beginners/core/bootstrap.php: Using EditorConfig core...
php-for-beginners/config.php: {}
php-for-beginners/core/bootstrap.php: {}
php-for-beginners/core/bootstrap.php: {}
php-for-beginners/core/bootstrap.php: Using EditorConfig core...
php-for-beginners/core/bootstrap.php: Using EditorConfig core...
php-for-beginners/core/bootstrap.php: Using EditorConfig core...
php-for-beginners/controllers/index.php: {}
php-for-beginners/controllers/index.php: {}
php-for-beginners/views/index.view.php: {}
php-for-beginners/index.php: {}
php-for-beginners/index.php: Using EditorConfig core...
php-for-beginners/index.php: Using EditorConfig core...
php-for-beginners/index.php: {}
php-for-beginners/core/database/Connection.php: {}
php-for-beginners/core/database/QueryBuilder.php: {}
php-for-beginners/core/bootstrap.php: {}
php-for-beginners/core/bootstrap.php: {}
php-for-beginners/core/bootstrap.php: Using EditorConfig core...
php-for-beginners/core/bootstrap.php: {}
php-for-beginners/core/bootstrap.php: Using EditorConfig core...
php-for-beginners/core/bootstrap.php: {}
php-for-beginners/controllers/index.php: {}
php-for-beginners/controllers/index.php: Using EditorConfig core...
php-for-beginners/controllers/index.php: {}
php-for-beginners/index.php: {}
php-for-beginners/index.php: Using EditorConfig core...
php-for-beginners/index.php: {}
php-for-beginners/core/Request.php: {}
php-for-beginners/core/bootstrap.php: {}
php-for-beginners/controllers/index.php: {}
php-for-beginners/index.php: {}
php-for-beginners/index.php: {}
php-for-beginners/controllers/index.php: {}
php-for-beginners/index.php: {}
php-for-beginners/views/index.view.php: {}
php-for-beginners/views/index.view.php: Using EditorConfig core...
php-for-beginners/views/index.view.php: {}
php-for-beginners/views/index.view.php: Using EditorConfig core...
php-for-beginners/views/index.view.php: {}
php-for-beginners/views/index.view.php: Using EditorConfig core...
php-for-beginners/views/index.view.php: {}
php-for-beginners/views/index.view.php: {}
php-for-beginners/views/index.view.php: {}
php-for-beginners/views/index.view.php: {}
php-for-beginners/views/index.view.php: Using EditorConfig core...
php-for-beginners/views/index.view.php: {}
php-for-beginners/views/index.view.php: Using EditorConfig core...
php-for-beginners/views/index.view.php: {}
php-for-beginners/index.php: {}
php-for-beginners/routes.php: {}
php-for-beginners/index.php: {}
php-for-beginners/core/bootstrap.php: {}
php-for-beginners/core/Request.php: {}
php-for-beginners/core/bootstrap.php: {}
php-for-beginners/core/bootstrap.php: {}
php-for-beginners/views/index.view.php: {}
php-for-beginners/views/index.view.php: Using EditorConfig core...
php-for-beginners/views/index.view.php: {}
php-for-beginners/views/index.view.php: Using EditorConfig core...
php-for-beginners/views/index.view.php: {}
php-for-beginners/views/index.view.php: {}
php-for-beginners/views/index.view.php: Using EditorConfig core...
php-for-beginners/views/index.view.php: {}
php-for-beginners/views/index.view.php: {}
php-for-beginners/views/index.view.php: {}
php-for-beginners/views/partials/nav.php: {}
php-for-beginners/views/partials/nav.php: {}
php-for-beginners/views/partials/nav.php: Using EditorConfig core...
php-for-beginners/views/partials/nav.php: {}
php-for-beginners/controllers/about.php: {}
php-for-beginners/controllers/about.php: {}
php-for-beginners/controllers/about.php: {}
php-for-beginners/views/partials/nav.php: {}
php-for-beginners/views/about.view.php: {}
php-for-beginners/views/index.view.php: {}
php-for-beginners/views/about.view.php: {}
php-for-beginners/views/about.view.php: {}
php-for-beginners/public/css/style.css: {}
php-for-beginners/public/css/style.css: Using EditorConfig core...
php-for-beginners/public/css/style.css: {}
php-for-beginners/views/partials/head.php: {}
php-for-beginners/views/index.view.php: {}
php-for-beginners/views/partials/head.php: {}
php-for-beginners/views/partials/head.php: Using EditorConfig core...
php-for-beginners/views/partials/head.php: {}
php-for-beginners/views/partials/footer.php: {}
php-for-beginners/views/index.view.php: {}
php-for-beginners/views/partials/footer.php: {}
php-for-beginners/views/partials/footer.php: Using EditorConfig core...
php-for-beginners/views/index.view.php: {}
php-for-beginners/views/index.view.php: Using EditorConfig core...
php-for-beginners/views/index.view.php: {}
php-for-beginners/views/partials/nav.php: {}
php-for-beginners/views/about.view.php: {}
php-for-beginners/views/partials/head.php: {}
php-for-beginners/views/partials/head.php: Using EditorConfig core...
php-for-beginners/views/partials/head.php: {}
php-for-beginners/views/index.view.php: {}
php-for-beginners/views/index.view.php: Using EditorConfig core...
php-for-beginners/views/index.view.php: Using EditorConfig core...
php-for-beginners/views/index.view.php: Using EditorConfig core...
php-for-beginners/views/index.view.php: {}
php-for-beginners/views/partials/nav.php: {}
php-for-beginners/views/index.view.php: {}
php-for-beginners/public/css/style.css: {}
php-for-beginners/views/partials/head.php: {}
php-for-beginners/views/partials/head.php: Using EditorConfig core...
php-for-beginners/views/partials/head.php: {}
php-for-beginners/views/partials/head.php: Using EditorConfig core...
php-for-beginners/views/partials/head.php: {}
php-for-beginners/views/about.view.php: {}
php-for-beginners/views/partials/nav.php: {}
php-for-beginners/views/index.view.php: {}
php-for-beginners/views/about.view.php: {}
php-for-beginners/views/about.view.php: Using EditorConfig core...
php-for-beginners/views/about.view.php: Using EditorConfig core...
php-for-beginners/views/about.view.php: {}
php-for-beginners/views/partials/head.php: {}
php-for-beginners/views/about.view.php: {}
php-for-beginners/views/contact.view.php: {}
php-for-beginners/views/contact.view.php: Using EditorConfig core...
php-for-beginners/views/about.view.php: {}
php-for-beginners/views/about-culture.view.php: {}
php-for-beginners/views/about-culture.view.php: Using EditorConfig core...
php-for-beginners/views/about-culture.view.php: Using EditorConfig core...
php-for-beginners/views/about-culture.view.php: Using EditorConfig core...
php-for-beginners/views/about-culture.view.php: Using EditorConfig core...
php-for-beginners/views/about.view.php: {}
php-for-beginners/views/about-culture.view.php: {}
php-for-beginners/views/about-culture.view.php: Using EditorConfig core...
php-for-beginners/views/about-culture.view.php: Using EditorConfig core...
php-for-beginners/views/about-culture.view.php: Using EditorConfig core...
php-for-beginners/views/index.view.php: {}
php-for-beginners/views/about.view.php: {}
php-for-beginners/views/about-culture.view.php: {}
php-for-beginners/views/about-culture.view.php: Using EditorConfig core...
php-for-beginners/views/contact.view.php: {}
php-for-beginners/views/contact.view.php: Using EditorConfig core...
php-for-beginners/views/partials/footer.php: {}
php-for-beginners/views/partials/head.php: {}
php-for-beginners/views/partials/nav.php: {}
php-for-beginners/views/about-culture.view.php: {}
php-for-beginners/views/about.view.php: {}
php-for-beginners/views/contact.view.php: {}
php-for-beginners/views/index.view.php: {}
php-for-beginners/views/contact.view.php: {}
php-for-beginners/views/partials/nav.php: {}
No more open editors.
php-for-beginners/controllers/about.php: {}
php-for-beginners/controllers/about-culture.php: {}
php-for-beginners/controllers/contact.php: {}
php-for-beginners/controllers/index.php: {}
php-for-beginners/views/about-culture.view.php: {}
php-for-beginners/views/index.view.php: {}
php-for-beginners/views/index.view.php: {}
php-for-beginners/routes.php: {}
php-for-beginners/index.php: {}
php-for-beginners/core/Request.php: {}
php-for-beginners/index.php: {}
php-for-beginners/index.php: Using EditorConfig core...
php-for-beginners/index.php: {}
php-for-beginners/controllers/index.php: {}
php-for-beginners/controllers/index.php: {}
php-for-beginners/views/index.view.php: {}
php-for-beginners/views/index.view.php: {}
php-for-beginners/views/index.view.php: {}
php-for-beginners/views/index.view.php: {}
php-for-beginners/views/index.view.php: {}
php-for-beginners/views/index.view.php: Using EditorConfig core...
php-for-beginners/views/index.view.php: {}
php-for-beginners/views/index.view.php: Using EditorConfig core...
php-for-beginners/views/index.view.php: {}
php-for-beginners/routes.php: {}
php-for-beginners/routes.php: Using EditorConfig core...
php-for-beginners/routes.php: {}
php-for-beginners/controllers/add-name.php: {}
php-for-beginners/controllers/add-name.php: Using EditorConfig core...
php-for-beginners/controllers/add-name.php: {}
php-for-beginners/routes.php: {}
php-for-beginners/controllers/add-name.php: {}
php-for-beginners/views/index.view.php: {}
php-for-beginners/views/index.view.php: {}
php-for-beginners/index.php: {}
php-for-beginners/routes.php: {}
php-for-beginners/views/index.view.php: {}
php-for-beginners/controllers/add-name.php: {}
php-for-beginners/core/Request.php: {}
php-for-beginners/core/Request.php: Using EditorConfig core...
php-for-beginners/core/Request.php: {}
php-for-beginners/core/Request.php: Using EditorConfig core...
php-for-beginners/core/Request.php: Using EditorConfig core...
php-for-beginners/core/Request.php: {}
php-for-beginners/core/Request.php: Using EditorConfig core...
php-for-beginners/core/Request.php: {}
php-for-beginners/core/Request.php: Using EditorConfig core...
php-for-beginners/core/Request.php: {}
php-for-beginners/core/Request.php: Using EditorConfig core...
php-for-beginners/core/Request.php: {}
php-for-beginners/routes.php: {}
php-for-beginners/routes.php: Using EditorConfig core...
php-for-beginners/routes.php: {}
php-for-beginners/core/Router.php: {}
php-for-beginners/core/Router.php: Using EditorConfig core...
php-for-beginners/core/Router.php: {}
php-for-beginners/core/Router.php: Using EditorConfig core...
php-for-beginners/core/Router.php: Using EditorConfig core...
php-for-beginners/core/Router.php: Using EditorConfig core...
php-for-beginners/core/Router.php: {}
php-for-beginners/config.php: {}
php-for-beginners/index.php: {}
php-for-beginners/index.php: Using EditorConfig core...
php-for-beginners/index.php: {}
php-for-beginners/index.php: Using EditorConfig core...
php-for-beginners/index.php: {}
php-for-beginners/core/Request.php: {}
php-for-beginners/core/Request.php: {}
php-for-beginners/core/Request.php: Using EditorConfig core...
php-for-beginners/core/Request.php: {}
php-for-beginners/core/Router.php: {}
php-for-beginners/core/Router.php: Using EditorConfig core...
php-for-beginners/core/Router.php: {}
php-for-beginners/core/Router.php: Using EditorConfig core...
php-for-beginners/core/Router.php: {}
php-for-beginners/core/Request.php: {}
php-for-beginners/routes.php: {}
php-for-beginners/index.php: {}
php-for-beginners/config.php: {}
php-for-beginners/views/index.view.php: {}
php-for-beginners/controllers/index.php: {}
php-for-beginners/core/Router.php: {}
php-for-beginners/core/Router.php: {}
php-for-beginners/views/index.view.php: {}
php-for-beginners/views/index.view.php: Using EditorConfig core...
php-for-beginners/views/index.view.php: {}
No more open editors.
php-for-beginners/routes.php: {}
php-for-beginners/controllers/add-name.php: {}
php-for-beginners/routes.php: {}
php-for-beginners/routes.php: {}
php-for-beginners/core/Router.php: {}
php-for-beginners/core/Router.php: Using EditorConfig core...
php-for-beginners/core/Router.php: {}
php-for-beginners/core/Request.php: {}
php-for-beginners/core/Router.php: {}
php-for-beginners/core/Router.php: Using EditorConfig core...
php-for-beginners/core/Router.php: {}
php-for-beginners/core/Router.php: Using EditorConfig core...
php-for-beginners/core/Router.php: {}
php-for-beginners/views/index.view.php: {}
php-for-beginners/views/index.view.php: Using EditorConfig core...
php-for-beginners/views/index.view.php: {}
php-for-beginners/core/Router.php: {}
php-for-beginners/core/Router.php: Using EditorConfig core...
php-for-beginners/core/Router.php: {}
php-for-beginners/core/Router.php: {}
