[Info  - 5:06:12 PM] Initialising intelephense 1.5.3
[Info  - 5:06:12 PM] Reading state from /home/sandino/.code-profiles/codephp/data/User/workspaceStorage/6b15583c635c37b8b7c6beecc785e6b1/bmewburn.vscode-intelephense-client/1c21599f.
[Info  - 5:06:12 PM] Initialised in 126 ms
[Info  - 5:06:12 PM] Indexing started.
[Info  - 5:06:14 PM] Indexing ended. 103 files indexed in 1s.
[Info  - 5:06:14 PM] Writing state to /home/sandino/.code-profiles/codephp/data/User/workspaceStorage/6b15583c635c37b8b7c6beecc785e6b1/bmewburn.vscode-intelephense-client/1c21599f.
[Info  - 5:06:14 PM] Wrote state in 0.2s.
[Info  - 5:17:02 PM] Indexing started.
[Info  - 5:17:02 PM] Indexing ended. 1 files indexed in 0s.
[Info  - 5:17:51 PM] Indexing started.
[Info  - 5:17:51 PM] Indexing ended. 1 files indexed in 0s.
[Info  - 5:17:57 PM] Indexing started.
[Info  - 5:17:58 PM] Indexing ended. 1 files indexed in 0s.
[Info  - 5:18:16 PM] Indexing started.
[Info  - 5:18:16 PM] Indexing ended. 1 files indexed in 0s.
[Info  - 5:18:38 PM] Indexing started.
[Info  - 5:18:38 PM] Indexing ended. 1 files indexed in 0s.
[Info  - 5:18:43 PM] Indexing started.
[Info  - 5:18:43 PM] Indexing ended. 1 files indexed in 0s.
[Info  - 5:20:04 PM] Indexing started.
[Info  - 5:20:04 PM] Indexing ended. 1 files indexed in 0s.
[Info  - 5:24:44 PM] Indexing started.
[Info  - 5:24:44 PM] Indexing ended. 4 files indexed in 0s.
[Info  - 5:24:47 PM] Indexing started.
[Info  - 5:24:47 PM] Indexing ended. 2 files indexed in 0s.
[Info  - 5:25:08 PM] Indexing started.
[Info  - 5:25:08 PM] Indexing ended. 2 files indexed in 0s.
[Info  - 5:25:31 PM] Indexing started.
[Info  - 5:25:31 PM] Indexing ended. 1 files indexed in 0s.
[Info  - 5:29:09 PM] Indexing started.
[Info  - 5:29:09 PM] Indexing ended. 1 files indexed in 0s.
[Info  - 5:29:26 PM] Indexing started.
[Info  - 5:29:26 PM] Indexing ended. 1 files indexed in 0s.
[Info  - 5:29:45 PM] Indexing started.
[Info  - 5:29:46 PM] Indexing ended. 1 files indexed in 0s.
[Info  - 5:29:53 PM] Indexing started.
[Info  - 5:29:53 PM] Indexing ended. 1 files indexed in 0s.
[Info  - 5:29:57 PM] Indexing started.
[Info  - 5:29:57 PM] Indexing ended. 1 files indexed in 0s.
[Info  - 5:30:03 PM] Indexing started.
[Info  - 5:30:04 PM] Indexing ended. 1 files indexed in 0s.
[Info  - 5:30:08 PM] Indexing started.
[Info  - 5:30:08 PM] Indexing ended. 1 files indexed in 0s.
[Info  - 5:30:26 PM] Indexing started.
[Info  - 5:30:26 PM] Indexing ended. 1 files indexed in 0s.
[Info  - 5:30:35 PM] Indexing started.
[Info  - 5:30:35 PM] Indexing ended. 1 files indexed in 0s.
[Info  - 5:30:49 PM] Indexing started.
[Info  - 5:30:49 PM] Indexing ended. 2 files indexed in 0s.
[Info  - 5:31:00 PM] Indexing started.
[Info  - 5:31:00 PM] Indexing ended. 1 files indexed in 0s.
[Info  - 5:32:07 PM] Indexing started.
[Info  - 5:32:08 PM] Indexing ended. 1 files indexed in 0s.
[Info  - 5:32:18 PM] Indexing started.
[Info  - 5:32:18 PM] Indexing ended. 1 files indexed in 0s.
[Info  - 5:32:20 PM] Indexing started.
[Info  - 5:32:20 PM] Indexing ended. 1 files indexed in 0s.
[Info  - 5:33:33 PM] Indexing started.
[Info  - 5:33:33 PM] Indexing ended. 1 files indexed in 0s.
[Info  - 5:33:59 PM] Indexing started.
[Info  - 5:33:59 PM] Indexing ended. 1 files indexed in 0s.
[Info  - 5:34:15 PM] Indexing started.
[Info  - 5:34:15 PM] Indexing ended. 1 files indexed in 0s.
[Info  - 5:36:00 PM] Indexing started.
[Info  - 5:36:00 PM] Indexing ended. 1 files indexed in 0s.
[Info  - 5:38:46 PM] Indexing started.
[Info  - 5:38:46 PM] Indexing ended. 1 files indexed in 0s.
[Info  - 5:40:52 PM] Indexing started.
[Info  - 5:40:52 PM] Indexing ended. 1 files indexed in 0s.
[Info  - 5:41:26 PM] Indexing started.
[Info  - 5:41:26 PM] Indexing ended. 1 files indexed in 0s.
[Info  - 5:41:59 PM] Indexing started.
[Info  - 5:41:59 PM] Indexing ended. 1 files indexed in 0s.
[Info  - 5:42:07 PM] Indexing started.
[Info  - 5:42:07 PM] Indexing ended. 1 files indexed in 0s.
[Info  - 5:42:15 PM] Indexing started.
[Info  - 5:42:16 PM] Indexing ended. 1 files indexed in 0s.
[Info  - 5:45:05 PM] Indexing started.
[Info  - 5:45:05 PM] Indexing ended. 1 files indexed in 0s.
[Info  - 5:45:42 PM] Indexing started.
[Info  - 5:45:42 PM] Indexing ended. 1 files indexed in 0s.
[Info  - 5:45:46 PM] Indexing started.
[Info  - 5:45:47 PM] Indexing ended. 1 files indexed in 0s.
[Info  - 5:45:52 PM] Indexing started.
[Info  - 5:45:52 PM] Indexing ended. 1 files indexed in 0s.
[Info  - 5:46:06 PM] Indexing started.
[Info  - 5:46:06 PM] Indexing ended. 1 files indexed in 0s.
[Info  - 5:46:19 PM] Indexing started.
[Info  - 5:46:19 PM] Indexing ended. 1 files indexed in 0s.
[Info  - 5:49:22 PM] Indexing started.
[Info  - 5:49:22 PM] Indexing ended. 1 files indexed in 0s.
[Info  - 5:50:43 PM] Indexing started.
[Info  - 5:50:43 PM] Indexing ended. 1 files indexed in 0s.
[Info  - 5:51:08 PM] Indexing started.
[Info  - 5:51:08 PM] Indexing ended. 1 files indexed in 0s.
[Info  - 5:51:40 PM] Indexing started.
[Info  - 5:51:40 PM] Indexing ended. 1 files indexed in 0s.
[Info  - 5:52:18 PM] Indexing started.
[Info  - 5:52:19 PM] Indexing ended. 1 files indexed in 0s.
[Info  - 5:56:06 PM] Indexing started.
[Info  - 5:56:06 PM] Indexing ended. 1 files indexed in 0s.
[Info  - 5:56:56 PM] Indexing started.
[Info  - 5:56:56 PM] Indexing ended. 1 files indexed in 0s.
[Info  - 6:01:47 PM] Indexing started.
[Info  - 6:01:47 PM] Indexing ended. 1 files indexed in 0s.
[Info  - 6:04:13 PM] Indexing started.
[Info  - 6:04:13 PM] Indexing ended. 1 files indexed in 0s.
[Info  - 6:04:40 PM] Indexing started.
[Info  - 6:04:41 PM] Indexing ended. 1 files indexed in 0s.
[Info  - 6:05:22 PM] Indexing started.
[Info  - 6:05:23 PM] Indexing ended. 1 files indexed in 0s.
[Info  - 6:06:20 PM] Indexing started.
[Info  - 6:06:21 PM] Indexing ended. 1 files indexed in 0s.
[Info  - 6:06:48 PM] Indexing started.
[Info  - 6:06:48 PM] Indexing ended. 1 files indexed in 0s.
[Info  - 6:07:09 PM] Indexing started.
[Info  - 6:07:09 PM] Indexing ended. 1 files indexed in 0s.
[Info  - 6:07:11 PM] Indexing started.
[Info  - 6:07:11 PM] Indexing ended. 1 files indexed in 0s.
[Info  - 6:07:52 PM] Indexing started.
[Info  - 6:07:52 PM] Indexing ended. 1 files indexed in 0s.
[Info  - 6:07:54 PM] Indexing started.
[Info  - 6:07:54 PM] Indexing ended. 1 files indexed in 0s.
[Info  - 6:09:00 PM] Indexing started.
[Info  - 6:09:00 PM] Indexing ended. 1 files indexed in 0s.
[Info  - 6:09:30 PM] Indexing started.
[Info  - 6:09:30 PM] Indexing ended. 1 files indexed in 0s.
[Info  - 6:10:00 PM] Indexing started.
[Info  - 6:10:00 PM] Indexing ended. 1 files indexed in 0s.
[Info  - 6:10:06 PM] Indexing started.
[Info  - 6:10:06 PM] Indexing ended. 1 files indexed in 0s.
[Info  - 7:02:49 PM] Indexing started.
[Info  - 7:02:49 PM] Indexing ended. 1 files indexed in 0s.
[Info  - 7:05:39 PM] Indexing started.
[Info  - 7:05:39 PM] Indexing ended. 1 files indexed in 0s.
[Info  - 7:06:21 PM] Indexing started.
[Info  - 7:06:21 PM] Indexing ended. 1 files indexed in 0s.
[Info  - 7:07:41 PM] Indexing started.
[Info  - 7:07:41 PM] Indexing ended. 1 files indexed in 0s.
[Info  - 7:08:02 PM] Indexing started.
[Info  - 7:08:02 PM] Indexing ended. 1 files indexed in 0s.
[Info  - 7:10:00 PM] Indexing started.
[Info  - 7:10:00 PM] Indexing ended. 1 files indexed in 0s.
[Info  - 7:10:20 PM] Indexing started.
[Info  - 7:10:20 PM] Indexing ended. 1 files indexed in 0s.
[Info  - 7:12:47 PM] Indexing started.
[Info  - 7:12:47 PM] Indexing ended. 1 files indexed in 0s.
[Info  - 7:14:31 PM] Indexing started.
[Info  - 7:14:31 PM] Indexing ended. 1 files indexed in 0s.
[Info  - 7:14:40 PM] Indexing started.
[Info  - 7:14:40 PM] Indexing ended. 1 files indexed in 0s.
[Info  - 7:17:15 PM] Indexing started.
[Info  - 7:17:16 PM] Indexing ended. 1 files indexed in 0s.
[Info  - 7:17:33 PM] Indexing started.
[Info  - 7:17:33 PM] Indexing ended. 1 files indexed in 0s.
[Info  - 7:17:55 PM] Indexing started.
[Info  - 7:17:55 PM] Indexing ended. 1 files indexed in 0s.
[Info  - 7:18:13 PM] Indexing started.
[Info  - 7:18:13 PM] Indexing ended. 1 files indexed in 0s.
[Info  - 7:18:16 PM] Indexing started.
[Info  - 7:18:17 PM] Indexing ended. 1 files indexed in 0s.
[Info  - 7:18:37 PM] Indexing started.
[Info  - 7:18:37 PM] Indexing ended. 1 files indexed in 0s.
[Info  - 7:19:02 PM] Indexing started.
[Info  - 7:19:03 PM] Indexing ended. 1 files indexed in 0s.
[Info  - 7:19:08 PM] Indexing started.
[Info  - 7:19:08 PM] Indexing ended. 1 files indexed in 0s.
[Info  - 7:19:12 PM] Indexing started.
[Info  - 7:19:12 PM] Indexing ended. 1 files indexed in 0s.
[Info  - 7:20:06 PM] Indexing started.
[Info  - 7:20:06 PM] Indexing ended. 1 files indexed in 0s.
[Info  - 7:20:21 PM] Indexing started.
[Info  - 7:20:21 PM] Indexing ended. 1 files indexed in 0s.
[Info  - 7:21:20 PM] Indexing started.
[Info  - 7:21:20 PM] Indexing ended. 1 files indexed in 0s.
[Info  - 7:21:24 PM] Indexing started.
[Info  - 7:21:25 PM] Indexing ended. 1 files indexed in 0s.
[Info  - 7:21:46 PM] Indexing started.
[Info  - 7:21:46 PM] Indexing ended. 1 files indexed in 0s.
[Info  - 7:21:55 PM] Indexing started.
[Info  - 7:21:56 PM] Indexing ended. 1 files indexed in 0s.
[Info  - 7:21:56 PM] Indexing started.
[Info  - 7:21:56 PM] Indexing ended. 1 files indexed in 0s.
[Info  - 7:21:58 PM] Indexing started.
[Info  - 7:21:58 PM] Indexing ended. 1 files indexed in 0s.
[Info  - 7:22:01 PM] Indexing started.
[Info  - 7:22:01 PM] Indexing ended. 1 files indexed in 0s.
[Info  - 7:22:03 PM] Indexing started.
[Info  - 7:22:04 PM] Indexing ended. 1 files indexed in 0s.
[Info  - 7:22:07 PM] Indexing started.
[Info  - 7:22:07 PM] Indexing ended. 1 files indexed in 0s.
[Info  - 7:22:08 PM] Indexing started.
[Info  - 7:22:08 PM] Indexing ended. 1 files indexed in 0s.
[Info  - 7:22:14 PM] Indexing started.
[Info  - 7:22:14 PM] Indexing ended. 1 files indexed in 0s.
[Info  - 7:22:17 PM] Indexing started.
[Info  - 7:22:17 PM] Indexing ended. 1 files indexed in 0s.
[Info  - 7:24:02 PM] Indexing started.
[Info  - 7:24:02 PM] Indexing ended. 1 files indexed in 0s.
[Info  - 10:39:52 PM] Indexing started.
[Info  - 10:39:52 PM] Indexing ended. 1 files indexed in 0s.
[Info  - 10:40:08 PM] Indexing started.
[Info  - 10:40:08 PM] Indexing ended. 1 files indexed in 0s.
[Info  - 10:40:43 PM] Indexing started.
[Info  - 10:40:43 PM] Indexing ended. 1 files indexed in 0s.
[Info  - 10:40:54 PM] Indexing started.
[Info  - 10:40:55 PM] Indexing ended. 1 files indexed in 0s.
[Info  - 10:41:07 PM] Indexing started.
[Info  - 10:41:07 PM] Indexing ended. 1 files indexed in 0s.
[Info  - 10:43:35 PM] Indexing started.
[Info  - 10:43:35 PM] Indexing ended. 1 files indexed in 0s.
[Info  - 10:44:15 PM] Indexing started.
[Info  - 10:44:15 PM] Indexing ended. 1 files indexed in 0s.
[Info  - 10:44:17 PM] Indexing started.
[Info  - 10:44:18 PM] Indexing ended. 1 files indexed in 0s.
[Info  - 10:45:02 PM] Indexing started.
[Info  - 10:45:03 PM] Indexing ended. 1 files indexed in 0s.
[Info  - 10:45:30 PM] Indexing started.
[Info  - 10:45:30 PM] Indexing ended. 1 files indexed in 0s.
[Info  - 10:45:58 PM] Indexing started.
[Info  - 10:45:59 PM] Indexing ended. 1 files indexed in 0s.
[Info  - 10:49:09 PM] Indexing started.
[Info  - 10:49:09 PM] Indexing ended. 1 files indexed in 0s.
[Info  - 10:49:55 PM] Indexing started.
[Info  - 10:49:55 PM] Indexing ended. 1 files indexed in 0s.
[Info  - 10:53:54 PM] Indexing started.
[Info  - 10:53:54 PM] Indexing ended. 1 files indexed in 0s.
[Info  - 10:53:55 PM] Indexing started.
[Info  - 10:53:55 PM] Indexing ended. 1 files indexed in 0s.
[Info  - 10:54:05 PM] Indexing started.
[Info  - 10:54:05 PM] Indexing ended. 1 files indexed in 0s.
[Info  - 10:55:02 PM] Indexing started.
[Info  - 10:55:02 PM] Indexing ended. 1 files indexed in 0s.
[Info  - 10:55:08 PM] Indexing started.
[Info  - 10:55:08 PM] Indexing ended. 1 files indexed in 0s.
[Info  - 10:55:48 PM] Indexing started.
[Info  - 10:55:49 PM] Indexing ended. 1 files indexed in 0s.
[Info  - 10:56:09 PM] Indexing started.
[Info  - 10:56:09 PM] Indexing ended. 1 files indexed in 0s.
[Info  - 10:56:53 PM] Indexing started.
[Info  - 10:56:54 PM] Indexing ended. 1 files indexed in 0s.
[Info  - 10:57:38 PM] Indexing started.
[Info  - 10:57:39 PM] Indexing ended. 1 files indexed in 0s.
[Info  - 10:58:25 PM] Indexing started.
[Info  - 10:58:25 PM] Indexing ended. 1 files indexed in 0s.
[Info  - 10:59:39 PM] Indexing started.
[Info  - 10:59:39 PM] Indexing ended. 1 files indexed in 0s.
[Info  - 11:00:10 PM] Indexing started.
[Info  - 11:00:10 PM] Indexing ended. 1 files indexed in 0s.
[Info  - 11:00:22 PM] Indexing started.
[Info  - 11:00:23 PM] Indexing ended. 1 files indexed in 0s.
[Info  - 11:00:41 PM] Indexing started.
[Info  - 11:00:41 PM] Indexing ended. 1 files indexed in 0s.
