Initializing document watcher...
/home/sandino/.code-profiles/code-php/data/User/settings.json: {}
php-for-beginners/index.php: {}
php-for-beginners/index.php: Using EditorConfig core...
php-for-beginners/index.php: Using EditorConfig core...
php-for-beginners/index.php: Using EditorConfig core...
/home/sandino/.code-profiles/code-php/data/User/settings.json: {}
/home/sandino/.code-profiles/code-php/data/User/settings.json: Using EditorConfig core...
php-for-beginners/index.php: {}
php-for-beginners/index.php: Using EditorConfig core...
php-for-beginners/index.php: {}
php-for-beginners/index.view.php: {}
php-for-beginners/index.php: {}
php-for-beginners/index.view.php: {}
php-for-beginners/index.view.php: Using EditorConfig core...
php-for-beginners/index.php: {}
php-for-beginners/index.php: Using EditorConfig core...
php-for-beginners/index.php: {}
php-for-beginners/index.php: {}
php-for-beginners/index.view.php: {}
php-for-beginners/index.php: {}
php-for-beginners/index.php: Using EditorConfig core...
php-for-beginners/index.php: Using EditorConfig core...
php-for-beginners/index.php: {}
php-for-beginners/index.php: Using EditorConfig core...
php-for-beginners/index.php: {}
php-for-beginners/index.php: Using EditorConfig core...
php-for-beginners/index.php: {}
php-for-beginners/index.php: {}
php-for-beginners/index.php: Using EditorConfig core...
php-for-beginners/index.php: Using EditorConfig core...
php-for-beginners/index.php: {}
php-for-beginners/index.view.php: {}
php-for-beginners/index.view.php: Using EditorConfig core...
php-for-beginners/index.view.php: {}
php-for-beginners/index.php: {}
php-for-beginners/index.php: Using EditorConfig core...
php-for-beginners/index.php: {}
php-for-beginners/index.php: Using EditorConfig core...
php-for-beginners/index.php: {}
php-for-beginners/index.view.php: {}
php-for-beginners/index.view.php: Using EditorConfig core...
php-for-beginners/index.view.php: Using EditorConfig core...
php-for-beginners/index.view.php: Using EditorConfig core...
php-for-beginners/index.view.php: {}
/home/sandino/.code-profiles/code-php/data/User/settings.json: {}
php-for-beginners/index.view.php: {}
php-for-beginners/index.php: {}
php-for-beginners/index.php: {}
php-for-beginners/index.view.php: {}
php-for-beginners/index.view.php: {}
php-for-beginners/index.view.php: {}
php-for-beginners/index.view.php: Using EditorConfig core...
php-for-beginners/index.view.php: {}
php-for-beginners/index.view.php: {}
php-for-beginners/index.view.php: {}
php-for-beginners/index.view.php: {}
php-for-beginners/index.view.php: {}
php-for-beginners/index.view.php: {}
php-for-beginners/index.view.php: {}
php-for-beginners/index.view.php: {}
php-for-beginners/index.view.php: {}
php-for-beginners/index.view.php: {}
php-for-beginners/index.view.php: {}
php-for-beginners/index.view.php: {}
