[Info  - 8:12:44 PM] Initialising intelephense 1.5.3
[Info  - 8:12:44 PM] Initialised in 6 ms
[Info  - 8:12:44 PM] Indexing started.
[Info  - 8:12:45 PM] Indexing ended. 97 files indexed in 1s.
[Info  - 8:12:45 PM] Writing state to /home/sandino/.code-profiles/code-php/data/User/workspaceStorage/6b15583c635c37b8b7c6beecc785e6b1/bmewburn.vscode-intelephense-client/4cee1bfc.
[Info  - 8:12:45 PM] Wrote state in 0.2s.
[Info  - 8:14:11 PM] Indexing started.
[Info  - 8:14:11 PM] Indexing ended. 1 files indexed in 0s.
[Info  - 8:15:32 PM] Indexing started.
[Info  - 8:15:32 PM] Indexing ended. 1 files indexed in 0s.
[Info  - 8:15:35 PM] Indexing started.
[Info  - 8:15:35 PM] Indexing ended. 1 files indexed in 0s.
[Info  - 8:15:36 PM] Indexing started.
[Info  - 8:15:36 PM] Indexing ended. 1 files indexed in 0s.
[Info  - 8:15:59 PM] Indexing started.
[Info  - 8:15:59 PM] Indexing ended. 1 files indexed in 0s.
[Info  - 8:17:48 PM] Indexing started.
[Info  - 8:17:49 PM] Indexing ended. 1 files indexed in 0s.
[Info  - 8:17:57 PM] Indexing started.
[Info  - 8:17:57 PM] Indexing ended. 1 files indexed in 0s.
[Info  - 8:19:59 PM] Indexing started.
[Info  - 8:20:00 PM] Indexing ended. 1 files indexed in 0s.
[Info  - 8:20:24 PM] Indexing started.
[Info  - 8:20:24 PM] Indexing ended. 1 files indexed in 0s.
[Info  - 8:20:26 PM] Indexing started.
[Info  - 8:20:26 PM] Indexing ended. 1 files indexed in 0s.
[Info  - 8:20:40 PM] Indexing started.
[Info  - 8:20:41 PM] Indexing ended. 1 files indexed in 0s.
[Info  - 8:20:47 PM] Indexing started.
[Info  - 8:20:47 PM] Indexing ended. 1 files indexed in 0s.
[Info  - 8:21:55 PM] Indexing started.
[Info  - 8:21:55 PM] Indexing ended. 1 files indexed in 0s.
[Info  - 8:21:57 PM] Indexing started.
[Info  - 8:21:57 PM] Indexing ended. 2 files indexed in 0s.
[Info  - 8:22:07 PM] Indexing started.
[Info  - 8:22:07 PM] Indexing ended. 2 files indexed in 0s.
[Info  - 8:24:01 PM] Indexing started.
[Info  - 8:24:01 PM] Indexing ended. 1 files indexed in 0s.
[Info  - 8:27:21 PM] Indexing started.
[Info  - 8:27:21 PM] Indexing ended. 1 files indexed in 0s.
[Info  - 8:27:26 PM] Indexing started.
[Info  - 8:27:26 PM] Indexing ended. 1 files indexed in 0s.
[Info  - 8:27:27 PM] Indexing started.
[Info  - 8:27:27 PM] Indexing ended. 2 files indexed in 0s.
[Info  - 8:27:37 PM] Indexing started.
[Info  - 8:27:37 PM] Indexing ended. 1 files indexed in 0s.
[Info  - 8:28:11 PM] Indexing started.
[Info  - 8:28:11 PM] Indexing ended. 1 files indexed in 0s.
[Warn  - 8:29:56 PM] Format aborted. Parse error found.
[Info  - 8:29:56 PM] Indexing started.
[Info  - 8:29:56 PM] Indexing ended. 1 files indexed in 0s.
[Info  - 8:30:15 PM] Indexing started.
[Info  - 8:30:15 PM] Indexing ended. 1 files indexed in 0s.
[Info  - 8:30:52 PM] Indexing started.
[Info  - 8:30:52 PM] Indexing ended. 1 files indexed in 0s.
[Info  - 8:32:52 PM] Indexing started.
[Info  - 8:32:52 PM] Indexing ended. 1 files indexed in 0s.
[Info  - 8:32:53 PM] Indexing started.
[Info  - 8:32:53 PM] Indexing ended. 1 files indexed in 0s.
[Info  - 8:32:54 PM] Indexing started.
[Info  - 8:32:54 PM] Indexing ended. 1 files indexed in 0s.
[Info  - 8:32:55 PM] Indexing started.
[Info  - 8:32:55 PM] Indexing ended. 1 files indexed in 0s.
[Info  - 8:32:55 PM] Indexing started.
[Info  - 8:32:55 PM] Indexing ended. 1 files indexed in 0s.
[Info  - 8:32:55 PM] Indexing started.
[Info  - 8:32:56 PM] Indexing ended. 1 files indexed in 0s.
[Info  - 8:32:58 PM] Indexing started.
[Info  - 8:32:58 PM] Indexing ended. 1 files indexed in 0s.
[Info  - 8:32:59 PM] Indexing started.
[Info  - 8:32:59 PM] Indexing ended. 1 files indexed in 0s.
[Info  - 8:33:01 PM] Indexing started.
[Info  - 8:33:01 PM] Indexing ended. 1 files indexed in 0s.
[Info  - 8:33:03 PM] Indexing started.
[Info  - 8:33:03 PM] Indexing ended. 1 files indexed in 0s.
[Info  - 8:33:05 PM] Indexing started.
[Info  - 8:33:06 PM] Indexing ended. 1 files indexed in 0s.
[Info  - 8:34:03 PM] Indexing started.
[Info  - 8:34:04 PM] Indexing ended. 1 files indexed in 0s.
[Info  - 8:34:07 PM] Indexing started.
[Info  - 8:34:07 PM] Indexing ended. 1 files indexed in 0s.
[Info  - 8:34:09 PM] Indexing started.
[Info  - 8:34:09 PM] Indexing ended. 1 files indexed in 0s.
