[2020-08-13 20:12:44.249] [sharedprocess] [info] main {"machineId":"70f0205e182327e04318852c5a0dc0c18743a425f938f12af94b0cb713044ec9","windowId":2}
[2020-08-13 20:13:24.263] [sharedprocess] [info] Starting to clean up unused language packs.
[2020-08-13 20:33:21.603] [sharedprocess] [info] Installing extension: esbenp.prettier-vscode
[2020-08-13 20:33:23.359] [sharedprocess] [info] Downloaded extension: esbenp.prettier-vscode /home/sandino/.code-profiles/code-php/data/CachedExtensionVSIXs/esbenp.prettier-vscode-5.1.3
[2020-08-13 20:33:23.532] [sharedprocess] [info] Extracted extension to /home/sandino/.code-profiles/code-php/exts/.esbenp.prettier-vscode-5.1.3: esbenp.prettier-vscode
[2020-08-13 20:33:23.533] [sharedprocess] [info] Renamed to /home/sandino/.code-profiles/code-php/exts/esbenp.prettier-vscode-5.1.3
[2020-08-13 20:33:23.534] [sharedprocess] [info] Installation completed. esbenp.prettier-vscode
[2020-08-13 20:33:23.539] [sharedprocess] [info] Extensions installed successfully: esbenp.prettier-vscode
[2020-08-13 20:34:19.885] [sharedprocess] [info] Uninstalling extension: esbenp.prettier-vscode
[2020-08-13 20:34:19.898] [sharedprocess] [info] Successfully uninstalled extension: esbenp.prettier-vscode
[2020-08-13 20:39:11.731] [sharedprocess] [info] Installing extension: esbenp.prettier-vscode
[2020-08-13 20:39:11.740] [sharedprocess] [info] Downloaded extension: esbenp.prettier-vscode /home/sandino/.code-profiles/code-php/data/CachedExtensionVSIXs/esbenp.prettier-vscode-5.1.3
[2020-08-13 20:39:11.744] [sharedprocess] [info] Removed the extension from uninstalled list: esbenp.prettier-vscode
[2020-08-13 20:39:11.745] [sharedprocess] [info] Extensions installed successfully: esbenp.prettier-vscode
[2020-08-13 20:42:34.676] [sharedprocess] [info] Uninstalling extension: esbenp.prettier-vscode
[2020-08-13 20:42:34.693] [sharedprocess] [info] Successfully uninstalled extension: esbenp.prettier-vscode
[2020-08-13 20:43:55.751] [sharedprocess] [info] Installing extension: higoka.php-cs-fixer
[2020-08-13 20:43:56.813] [sharedprocess] [info] Downloaded extension: higoka.php-cs-fixer /home/sandino/.code-profiles/code-php/data/CachedExtensionVSIXs/higoka.php-cs-fixer-1.1.3
[2020-08-13 20:43:56.823] [sharedprocess] [info] Extracted extension to /home/sandino/.code-profiles/code-php/exts/.higoka.php-cs-fixer-1.1.3: higoka.php-cs-fixer
[2020-08-13 20:43:56.824] [sharedprocess] [info] Renamed to /home/sandino/.code-profiles/code-php/exts/higoka.php-cs-fixer-1.1.3
[2020-08-13 20:43:56.824] [sharedprocess] [info] Installation completed. higoka.php-cs-fixer
[2020-08-13 20:43:56.827] [sharedprocess] [info] Extensions installed successfully: higoka.php-cs-fixer
[2020-08-13 20:44:51.334] [sharedprocess] [info] Uninstalling extension: higoka.php-cs-fixer
[2020-08-13 20:44:51.340] [sharedprocess] [info] Successfully uninstalled extension: higoka.php-cs-fixer
[2020-08-13 20:45:37.354] [sharedprocess] [info] Installing extension: editorconfig.editorconfig
[2020-08-13 20:45:38.016] [sharedprocess] [info] Downloaded extension: editorconfig.editorconfig /home/sandino/.code-profiles/code-php/data/CachedExtensionVSIXs/editorconfig.editorconfig-0.15.1
[2020-08-13 20:45:38.078] [sharedprocess] [info] Extracted extension to /home/sandino/.code-profiles/code-php/exts/.editorconfig.editorconfig-0.15.1: editorconfig.editorconfig
[2020-08-13 20:45:38.078] [sharedprocess] [info] Renamed to /home/sandino/.code-profiles/code-php/exts/editorconfig.editorconfig-0.15.1
[2020-08-13 20:45:38.078] [sharedprocess] [info] Installation completed. editorconfig.editorconfig
[2020-08-13 20:45:38.081] [sharedprocess] [info] Extensions installed successfully: editorconfig.editorconfig
